0 info it worked if it ends with ok
1 verbose cli [ '/usr/local/bin/node', '/usr/local/bin/npm', 'run', 'logstash' ]
2 info using npm@3.10.10
3 info using node@v6.11.0
4 verbose run-script [ 'prelogstash', 'logstash', 'postlogstash' ]
5 info lifecycle portazon@1.0.0~prelogstash: portazon@1.0.0
6 silly lifecycle portazon@1.0.0~prelogstash: no script for prelogstash, continuing
7 info lifecycle portazon@1.0.0~logstash: portazon@1.0.0
8 verbose lifecycle portazon@1.0.0~logstash: unsafe-perm in lifecycle true
9 verbose lifecycle portazon@1.0.0~logstash: PATH: /usr/local/lib/node_modules/npm/bin/node-gyp-bin:/Users/lichinshao/Desktop/HR-remote/Portazon/node_modules/.bin:/usr/bin:/bin:/usr/sbin:/sbin:/usr/local/bin
10 verbose lifecycle portazon@1.0.0~logstash: CWD: /Users/lichinshao/Desktop/HR-remote/Portazon
11 silly lifecycle portazon@1.0.0~logstash: Args: [ '-c',
11 silly lifecycle   'server/search/logstash/bin/logstash -f /Users/lichinshao/desktop/hr-remote/Portazon/server/data/logstash.conf' ]
12 silly lifecycle portazon@1.0.0~logstash: Returned: code: 1  signal: null
13 info lifecycle portazon@1.0.0~logstash: Failed to exec logstash script
14 verbose stack Error: portazon@1.0.0 logstash: `server/search/logstash/bin/logstash -f /Users/lichinshao/desktop/hr-remote/Portazon/server/data/logstash.conf`
14 verbose stack Exit status 1
14 verbose stack     at EventEmitter.<anonymous> (/usr/local/lib/node_modules/npm/lib/utils/lifecycle.js:255:16)
14 verbose stack     at emitTwo (events.js:106:13)
14 verbose stack     at EventEmitter.emit (events.js:191:7)
14 verbose stack     at ChildProcess.<anonymous> (/usr/local/lib/node_modules/npm/lib/utils/spawn.js:40:14)
14 verbose stack     at emitTwo (events.js:106:13)
14 verbose stack     at ChildProcess.emit (events.js:191:7)
14 verbose stack     at maybeClose (internal/child_process.js:891:16)
14 verbose stack     at Process.ChildProcess._handle.onexit (internal/child_process.js:226:5)
15 verbose pkgid portazon@1.0.0
16 verbose cwd /Users/lichinshao/Desktop/HR-remote/Portazon
17 error Darwin 17.3.0
18 error argv "/usr/local/bin/node" "/usr/local/bin/npm" "run" "logstash"
19 error node v6.11.0
20 error npm  v3.10.10
21 error code ELIFECYCLE
22 error portazon@1.0.0 logstash: `server/search/logstash/bin/logstash -f /Users/lichinshao/desktop/hr-remote/Portazon/server/data/logstash.conf`
22 error Exit status 1
23 error Failed at the portazon@1.0.0 logstash script 'server/search/logstash/bin/logstash -f /Users/lichinshao/desktop/hr-remote/Portazon/server/data/logstash.conf'.
23 error Make sure you have the latest version of node.js and npm installed.
23 error If you do, this is most likely a problem with the portazon package,
23 error not with npm itself.
23 error Tell the author that this fails on your system:
23 error     server/search/logstash/bin/logstash -f /Users/lichinshao/desktop/hr-remote/Portazon/server/data/logstash.conf
23 error You can get information on how to open an issue for this project with:
23 error     npm bugs portazon
23 error Or if that isn't available, you can get their info via:
23 error     npm owner ls portazon
23 error There is likely additional logging output above.
24 verbose exit [ 1, true ]
