[2018-01-17T19:41:53,879][INFO ][o.e.n.Node               ] [] initializing ...
[2018-01-17T19:41:53,964][INFO ][o.e.e.NodeEnvironment    ] [qVUl3vE] using [1] data paths, mounts [[/ (/dev/disk1)]], net usable_space [22.4gb], net total_space [232.6gb], types [hfs]
[2018-01-17T19:41:53,964][INFO ][o.e.e.NodeEnvironment    ] [qVUl3vE] heap size [989.8mb], compressed ordinary object pointers [true]
[2018-01-17T19:41:53,966][INFO ][o.e.n.Node               ] node name [qVUl3vE] derived from node ID [qVUl3vEpSoeiabLgdIAmVg]; set [node.name] to override
[2018-01-17T19:41:53,966][INFO ][o.e.n.Node               ] version[6.1.2], pid[4304], build[5b1fea5/2018-01-10T02:35:59.208Z], OS[Mac OS X/10.12.6/x86_64], JVM[Oracle Corporation/Java HotSpot(TM) 64-Bit Server VM/1.8.0_25/25.25-b02]
[2018-01-17T19:41:53,966][INFO ][o.e.n.Node               ] JVM arguments [-Xms1g, -Xmx1g, -XX:+UseConcMarkSweepGC, -XX:CMSInitiatingOccupancyFraction=75, -XX:+UseCMSInitiatingOccupancyOnly, -XX:+AlwaysPreTouch, -Xss1m, -Djava.awt.headless=true, -Dfile.encoding=UTF-8, -Djna.nosys=true, -XX:-OmitStackTraceInFastThrow, -Dio.netty.noUnsafe=true, -Dio.netty.noKeySetOptimization=true, -Dio.netty.recycler.maxCapacityPerThread=0, -Dlog4j.shutdownHookEnabled=false, -Dlog4j2.disable.jmx=true, -XX:+HeapDumpOnOutOfMemoryError, -Des.path.home=/Users/ramyatata/Desktop/ramya/HR/rpt02-thesis/Portazon/server/search/elasticsearch, -Des.path.conf=/Users/ramyatata/Desktop/ramya/HR/rpt02-thesis/Portazon/server/search/elasticsearch/config]
[2018-01-17T19:41:54,854][INFO ][o.e.p.PluginsService     ] [qVUl3vE] loaded module [aggs-matrix-stats]
[2018-01-17T19:41:54,855][INFO ][o.e.p.PluginsService     ] [qVUl3vE] loaded module [analysis-common]
[2018-01-17T19:41:54,855][INFO ][o.e.p.PluginsService     ] [qVUl3vE] loaded module [ingest-common]
[2018-01-17T19:41:54,855][INFO ][o.e.p.PluginsService     ] [qVUl3vE] loaded module [lang-expression]
[2018-01-17T19:41:54,855][INFO ][o.e.p.PluginsService     ] [qVUl3vE] loaded module [lang-mustache]
[2018-01-17T19:41:54,855][INFO ][o.e.p.PluginsService     ] [qVUl3vE] loaded module [lang-painless]
[2018-01-17T19:41:54,855][INFO ][o.e.p.PluginsService     ] [qVUl3vE] loaded module [mapper-extras]
[2018-01-17T19:41:54,855][INFO ][o.e.p.PluginsService     ] [qVUl3vE] loaded module [parent-join]
[2018-01-17T19:41:54,855][INFO ][o.e.p.PluginsService     ] [qVUl3vE] loaded module [percolator]
[2018-01-17T19:41:54,855][INFO ][o.e.p.PluginsService     ] [qVUl3vE] loaded module [reindex]
[2018-01-17T19:41:54,856][INFO ][o.e.p.PluginsService     ] [qVUl3vE] loaded module [repository-url]
[2018-01-17T19:41:54,856][INFO ][o.e.p.PluginsService     ] [qVUl3vE] loaded module [transport-netty4]
[2018-01-17T19:41:54,856][INFO ][o.e.p.PluginsService     ] [qVUl3vE] loaded module [tribe]
[2018-01-17T19:41:54,856][INFO ][o.e.p.PluginsService     ] [qVUl3vE] no plugins loaded
[2018-01-17T19:41:56,292][INFO ][o.e.d.DiscoveryModule    ] [qVUl3vE] using discovery type [zen]
[2018-01-17T19:41:56,807][INFO ][o.e.n.Node               ] initialized
[2018-01-17T19:41:56,807][INFO ][o.e.n.Node               ] [qVUl3vE] starting ...
[2018-01-17T19:41:56,950][INFO ][o.e.t.TransportService   ] [qVUl3vE] publish_address {127.0.0.1:9300}, bound_addresses {[::1]:9300}, {127.0.0.1:9300}
[2018-01-17T19:41:59,999][INFO ][o.e.c.s.MasterService    ] [qVUl3vE] zen-disco-elected-as-master ([0] nodes joined), reason: new_master {qVUl3vE}{qVUl3vEpSoeiabLgdIAmVg}{feZ1koeWRnCb9bPfB-YAjA}{127.0.0.1}{127.0.0.1:9300}
[2018-01-17T19:42:00,004][INFO ][o.e.c.s.ClusterApplierService] [qVUl3vE] new_master {qVUl3vE}{qVUl3vEpSoeiabLgdIAmVg}{feZ1koeWRnCb9bPfB-YAjA}{127.0.0.1}{127.0.0.1:9300}, reason: apply cluster state (from master [master {qVUl3vE}{qVUl3vEpSoeiabLgdIAmVg}{feZ1koeWRnCb9bPfB-YAjA}{127.0.0.1}{127.0.0.1:9300} committed version [1] source [zen-disco-elected-as-master ([0] nodes joined)]])
[2018-01-17T19:42:00,020][INFO ][o.e.h.n.Netty4HttpServerTransport] [qVUl3vE] publish_address {127.0.0.1:9200}, bound_addresses {[::1]:9200}, {127.0.0.1:9200}
[2018-01-17T19:42:00,020][INFO ][o.e.n.Node               ] [qVUl3vE] started
[2018-01-17T19:42:00,025][INFO ][o.e.g.GatewayService     ] [qVUl3vE] recovered [0] indices into cluster_state
[2018-01-17T19:42:30,020][WARN ][o.e.c.r.a.DiskThresholdMonitor] [qVUl3vE] high disk watermark [90%] exceeded on [qVUl3vEpSoeiabLgdIAmVg][qVUl3vE][/Users/ramyatata/Desktop/ramya/HR/rpt02-thesis/Portazon/server/search/elasticsearch/data/nodes/0] free: 22.4gb[9.6%], shards will be relocated away from this node
[2018-01-17T19:42:30,022][INFO ][o.e.c.r.a.DiskThresholdMonitor] [qVUl3vE] rerouting shards: [high disk watermark exceeded on one or more nodes]
[2018-01-17T19:43:00,030][WARN ][o.e.c.r.a.DiskThresholdMonitor] [qVUl3vE] high disk watermark [90%] exceeded on [qVUl3vEpSoeiabLgdIAmVg][qVUl3vE][/Users/ramyatata/Desktop/ramya/HR/rpt02-thesis/Portazon/server/search/elasticsearch/data/nodes/0] free: 22.4gb[9.6%], shards will be relocated away from this node
[2018-01-17T19:43:30,034][WARN ][o.e.c.r.a.DiskThresholdMonitor] [qVUl3vE] high disk watermark [90%] exceeded on [qVUl3vEpSoeiabLgdIAmVg][qVUl3vE][/Users/ramyatata/Desktop/ramya/HR/rpt02-thesis/Portazon/server/search/elasticsearch/data/nodes/0] free: 22.4gb[9.6%], shards will be relocated away from this node
[2018-01-17T19:43:30,035][INFO ][o.e.c.r.a.DiskThresholdMonitor] [qVUl3vE] rerouting shards: [high disk watermark exceeded on one or more nodes]
[2018-01-17T19:44:00,040][WARN ][o.e.c.r.a.DiskThresholdMonitor] [qVUl3vE] high disk watermark [90%] exceeded on [qVUl3vEpSoeiabLgdIAmVg][qVUl3vE][/Users/ramyatata/Desktop/ramya/HR/rpt02-thesis/Portazon/server/search/elasticsearch/data/nodes/0] free: 22.4gb[9.6%], shards will be relocated away from this node
[2018-01-17T19:44:30,043][WARN ][o.e.c.r.a.DiskThresholdMonitor] [qVUl3vE] high disk watermark [90%] exceeded on [qVUl3vEpSoeiabLgdIAmVg][qVUl3vE][/Users/ramyatata/Desktop/ramya/HR/rpt02-thesis/Portazon/server/search/elasticsearch/data/nodes/0] free: 22.4gb[9.6%], shards will be relocated away from this node
[2018-01-17T19:44:30,044][INFO ][o.e.c.r.a.DiskThresholdMonitor] [qVUl3vE] rerouting shards: [high disk watermark exceeded on one or more nodes]
[2018-01-17T19:45:00,050][WARN ][o.e.c.r.a.DiskThresholdMonitor] [qVUl3vE] high disk watermark [90%] exceeded on [qVUl3vEpSoeiabLgdIAmVg][qVUl3vE][/Users/ramyatata/Desktop/ramya/HR/rpt02-thesis/Portazon/server/search/elasticsearch/data/nodes/0] free: 23gb[9.9%], shards will be relocated away from this node
[2018-01-17T19:45:30,055][WARN ][o.e.c.r.a.DiskThresholdMonitor] [qVUl3vE] high disk watermark [90%] exceeded on [qVUl3vEpSoeiabLgdIAmVg][qVUl3vE][/Users/ramyatata/Desktop/ramya/HR/rpt02-thesis/Portazon/server/search/elasticsearch/data/nodes/0] free: 23gb[9.9%], shards will be relocated away from this node
[2018-01-17T19:45:30,055][INFO ][o.e.c.r.a.DiskThresholdMonitor] [qVUl3vE] rerouting shards: [high disk watermark exceeded on one or more nodes]
[2018-01-17T19:45:56,169][INFO ][o.e.c.m.MetaDataCreateIndexService] [qVUl3vE] [logstash-2018.01.18] creating index, cause [auto(bulk api)], templates [logstash], shards [5]/[1], mappings [_default_]
[2018-01-17T19:45:56,410][INFO ][o.e.c.m.MetaDataMappingService] [qVUl3vE] [logstash-2018.01.18/YedGNY91RWWkbM0gzttNXg] create_mapping [doc]
[2018-01-17T19:46:00,064][WARN ][o.e.c.r.a.DiskThresholdMonitor] [qVUl3vE] high disk watermark [90%] exceeded on [qVUl3vEpSoeiabLgdIAmVg][qVUl3vE][/Users/ramyatata/Desktop/ramya/HR/rpt02-thesis/Portazon/server/search/elasticsearch/data/nodes/0] free: 23gb[9.9%], shards will be relocated away from this node
[2018-01-17T19:46:30,071][WARN ][o.e.c.r.a.DiskThresholdMonitor] [qVUl3vE] high disk watermark [90%] exceeded on [qVUl3vEpSoeiabLgdIAmVg][qVUl3vE][/Users/ramyatata/Desktop/ramya/HR/rpt02-thesis/Portazon/server/search/elasticsearch/data/nodes/0] free: 23gb[9.9%], shards will be relocated away from this node
[2018-01-17T19:46:30,071][INFO ][o.e.c.r.a.DiskThresholdMonitor] [qVUl3vE] rerouting shards: [high disk watermark exceeded on one or more nodes]
[2018-01-17T19:47:00,078][WARN ][o.e.c.r.a.DiskThresholdMonitor] [qVUl3vE] high disk watermark [90%] exceeded on [qVUl3vEpSoeiabLgdIAmVg][qVUl3vE][/Users/ramyatata/Desktop/ramya/HR/rpt02-thesis/Portazon/server/search/elasticsearch/data/nodes/0] free: 23gb[9.9%], shards will be relocated away from this node
[2018-01-17T19:47:30,086][WARN ][o.e.c.r.a.DiskThresholdMonitor] [qVUl3vE] high disk watermark [90%] exceeded on [qVUl3vEpSoeiabLgdIAmVg][qVUl3vE][/Users/ramyatata/Desktop/ramya/HR/rpt02-thesis/Portazon/server/search/elasticsearch/data/nodes/0] free: 23gb[9.9%], shards will be relocated away from this node
[2018-01-17T19:47:30,086][INFO ][o.e.c.r.a.DiskThresholdMonitor] [qVUl3vE] rerouting shards: [high disk watermark exceeded on one or more nodes]
[2018-01-17T19:48:00,093][WARN ][o.e.c.r.a.DiskThresholdMonitor] [qVUl3vE] high disk watermark [90%] exceeded on [qVUl3vEpSoeiabLgdIAmVg][qVUl3vE][/Users/ramyatata/Desktop/ramya/HR/rpt02-thesis/Portazon/server/search/elasticsearch/data/nodes/0] free: 23gb[9.9%], shards will be relocated away from this node
[2018-01-17T19:48:30,099][WARN ][o.e.c.r.a.DiskThresholdMonitor] [qVUl3vE] high disk watermark [90%] exceeded on [qVUl3vEpSoeiabLgdIAmVg][qVUl3vE][/Users/ramyatata/Desktop/ramya/HR/rpt02-thesis/Portazon/server/search/elasticsearch/data/nodes/0] free: 23gb[9.9%], shards will be relocated away from this node
[2018-01-17T19:48:30,099][INFO ][o.e.c.r.a.DiskThresholdMonitor] [qVUl3vE] rerouting shards: [high disk watermark exceeded on one or more nodes]
[2018-01-17T19:49:00,105][WARN ][o.e.c.r.a.DiskThresholdMonitor] [qVUl3vE] high disk watermark [90%] exceeded on [qVUl3vEpSoeiabLgdIAmVg][qVUl3vE][/Users/ramyatata/Desktop/ramya/HR/rpt02-thesis/Portazon/server/search/elasticsearch/data/nodes/0] free: 23gb[9.9%], shards will be relocated away from this node
[2018-01-17T19:49:30,113][WARN ][o.e.c.r.a.DiskThresholdMonitor] [qVUl3vE] high disk watermark [90%] exceeded on [qVUl3vEpSoeiabLgdIAmVg][qVUl3vE][/Users/ramyatata/Desktop/ramya/HR/rpt02-thesis/Portazon/server/search/elasticsearch/data/nodes/0] free: 23gb[9.9%], shards will be relocated away from this node
[2018-01-17T19:49:30,114][INFO ][o.e.c.r.a.DiskThresholdMonitor] [qVUl3vE] rerouting shards: [high disk watermark exceeded on one or more nodes]
[2018-01-17T19:50:00,119][WARN ][o.e.c.r.a.DiskThresholdMonitor] [qVUl3vE] high disk watermark [90%] exceeded on [qVUl3vEpSoeiabLgdIAmVg][qVUl3vE][/Users/ramyatata/Desktop/ramya/HR/rpt02-thesis/Portazon/server/search/elasticsearch/data/nodes/0] free: 23gb[9.9%], shards will be relocated away from this node
[2018-01-17T19:50:30,126][WARN ][o.e.c.r.a.DiskThresholdMonitor] [qVUl3vE] high disk watermark [90%] exceeded on [qVUl3vEpSoeiabLgdIAmVg][qVUl3vE][/Users/ramyatata/Desktop/ramya/HR/rpt02-thesis/Portazon/server/search/elasticsearch/data/nodes/0] free: 23gb[9.9%], shards will be relocated away from this node
[2018-01-17T19:50:30,126][INFO ][o.e.c.r.a.DiskThresholdMonitor] [qVUl3vE] rerouting shards: [high disk watermark exceeded on one or more nodes]
[2018-01-17T19:51:00,132][WARN ][o.e.c.r.a.DiskThresholdMonitor] [qVUl3vE] high disk watermark [90%] exceeded on [qVUl3vEpSoeiabLgdIAmVg][qVUl3vE][/Users/ramyatata/Desktop/ramya/HR/rpt02-thesis/Portazon/server/search/elasticsearch/data/nodes/0] free: 23gb[9.9%], shards will be relocated away from this node
[2018-01-17T19:51:30,134][WARN ][o.e.c.r.a.DiskThresholdMonitor] [qVUl3vE] high disk watermark [90%] exceeded on [qVUl3vEpSoeiabLgdIAmVg][qVUl3vE][/Users/ramyatata/Desktop/ramya/HR/rpt02-thesis/Portazon/server/search/elasticsearch/data/nodes/0] free: 23gb[9.9%], shards will be relocated away from this node
[2018-01-17T19:51:30,135][INFO ][o.e.c.r.a.DiskThresholdMonitor] [qVUl3vE] rerouting shards: [high disk watermark exceeded on one or more nodes]
[2018-01-17T19:52:00,143][WARN ][o.e.c.r.a.DiskThresholdMonitor] [qVUl3vE] high disk watermark [90%] exceeded on [qVUl3vEpSoeiabLgdIAmVg][qVUl3vE][/Users/ramyatata/Desktop/ramya/HR/rpt02-thesis/Portazon/server/search/elasticsearch/data/nodes/0] free: 23gb[9.9%], shards will be relocated away from this node
[2018-01-17T19:52:30,148][WARN ][o.e.c.r.a.DiskThresholdMonitor] [qVUl3vE] high disk watermark [90%] exceeded on [qVUl3vEpSoeiabLgdIAmVg][qVUl3vE][/Users/ramyatata/Desktop/ramya/HR/rpt02-thesis/Portazon/server/search/elasticsearch/data/nodes/0] free: 23gb[9.9%], shards will be relocated away from this node
[2018-01-17T19:52:30,149][INFO ][o.e.c.r.a.DiskThresholdMonitor] [qVUl3vE] rerouting shards: [high disk watermark exceeded on one or more nodes]
[2018-01-17T19:53:00,158][WARN ][o.e.c.r.a.DiskThresholdMonitor] [qVUl3vE] high disk watermark [90%] exceeded on [qVUl3vEpSoeiabLgdIAmVg][qVUl3vE][/Users/ramyatata/Desktop/ramya/HR/rpt02-thesis/Portazon/server/search/elasticsearch/data/nodes/0] free: 23gb[9.9%], shards will be relocated away from this node
[2018-01-17T19:53:30,163][WARN ][o.e.c.r.a.DiskThresholdMonitor] [qVUl3vE] high disk watermark [90%] exceeded on [qVUl3vEpSoeiabLgdIAmVg][qVUl3vE][/Users/ramyatata/Desktop/ramya/HR/rpt02-thesis/Portazon/server/search/elasticsearch/data/nodes/0] free: 23gb[9.9%], shards will be relocated away from this node
[2018-01-17T19:53:30,163][INFO ][o.e.c.r.a.DiskThresholdMonitor] [qVUl3vE] rerouting shards: [high disk watermark exceeded on one or more nodes]
[2018-01-17T19:54:00,169][WARN ][o.e.c.r.a.DiskThresholdMonitor] [qVUl3vE] high disk watermark [90%] exceeded on [qVUl3vEpSoeiabLgdIAmVg][qVUl3vE][/Users/ramyatata/Desktop/ramya/HR/rpt02-thesis/Portazon/server/search/elasticsearch/data/nodes/0] free: 23gb[9.9%], shards will be relocated away from this node
[2018-01-17T19:54:30,174][WARN ][o.e.c.r.a.DiskThresholdMonitor] [qVUl3vE] high disk watermark [90%] exceeded on [qVUl3vEpSoeiabLgdIAmVg][qVUl3vE][/Users/ramyatata/Desktop/ramya/HR/rpt02-thesis/Portazon/server/search/elasticsearch/data/nodes/0] free: 23gb[9.9%], shards will be relocated away from this node
[2018-01-17T19:54:30,175][INFO ][o.e.c.r.a.DiskThresholdMonitor] [qVUl3vE] rerouting shards: [high disk watermark exceeded on one or more nodes]
[2018-01-17T19:55:00,180][WARN ][o.e.c.r.a.DiskThresholdMonitor] [qVUl3vE] high disk watermark [90%] exceeded on [qVUl3vEpSoeiabLgdIAmVg][qVUl3vE][/Users/ramyatata/Desktop/ramya/HR/rpt02-thesis/Portazon/server/search/elasticsearch/data/nodes/0] free: 23gb[9.9%], shards will be relocated away from this node
[2018-01-17T19:55:30,189][WARN ][o.e.c.r.a.DiskThresholdMonitor] [qVUl3vE] high disk watermark [90%] exceeded on [qVUl3vEpSoeiabLgdIAmVg][qVUl3vE][/Users/ramyatata/Desktop/ramya/HR/rpt02-thesis/Portazon/server/search/elasticsearch/data/nodes/0] free: 23gb[9.9%], shards will be relocated away from this node
[2018-01-17T19:55:30,189][INFO ][o.e.c.r.a.DiskThresholdMonitor] [qVUl3vE] rerouting shards: [high disk watermark exceeded on one or more nodes]
[2018-01-17T19:56:00,194][WARN ][o.e.c.r.a.DiskThresholdMonitor] [qVUl3vE] high disk watermark [90%] exceeded on [qVUl3vEpSoeiabLgdIAmVg][qVUl3vE][/Users/ramyatata/Desktop/ramya/HR/rpt02-thesis/Portazon/server/search/elasticsearch/data/nodes/0] free: 23gb[9.9%], shards will be relocated away from this node
[2018-01-17T19:56:30,201][WARN ][o.e.c.r.a.DiskThresholdMonitor] [qVUl3vE] high disk watermark [90%] exceeded on [qVUl3vEpSoeiabLgdIAmVg][qVUl3vE][/Users/ramyatata/Desktop/ramya/HR/rpt02-thesis/Portazon/server/search/elasticsearch/data/nodes/0] free: 23gb[9.9%], shards will be relocated away from this node
[2018-01-17T19:56:30,201][INFO ][o.e.c.r.a.DiskThresholdMonitor] [qVUl3vE] rerouting shards: [high disk watermark exceeded on one or more nodes]
[2018-01-17T19:57:00,208][WARN ][o.e.c.r.a.DiskThresholdMonitor] [qVUl3vE] high disk watermark [90%] exceeded on [qVUl3vEpSoeiabLgdIAmVg][qVUl3vE][/Users/ramyatata/Desktop/ramya/HR/rpt02-thesis/Portazon/server/search/elasticsearch/data/nodes/0] free: 23gb[9.9%], shards will be relocated away from this node
[2018-01-17T19:57:30,213][WARN ][o.e.c.r.a.DiskThresholdMonitor] [qVUl3vE] high disk watermark [90%] exceeded on [qVUl3vEpSoeiabLgdIAmVg][qVUl3vE][/Users/ramyatata/Desktop/ramya/HR/rpt02-thesis/Portazon/server/search/elasticsearch/data/nodes/0] free: 23gb[9.9%], shards will be relocated away from this node
[2018-01-17T19:57:30,213][INFO ][o.e.c.r.a.DiskThresholdMonitor] [qVUl3vE] rerouting shards: [high disk watermark exceeded on one or more nodes]
[2018-01-17T19:58:00,221][WARN ][o.e.c.r.a.DiskThresholdMonitor] [qVUl3vE] high disk watermark [90%] exceeded on [qVUl3vEpSoeiabLgdIAmVg][qVUl3vE][/Users/ramyatata/Desktop/ramya/HR/rpt02-thesis/Portazon/server/search/elasticsearch/data/nodes/0] free: 23gb[9.9%], shards will be relocated away from this node
[2018-01-17T19:58:30,253][WARN ][o.e.c.r.a.DiskThresholdMonitor] [qVUl3vE] high disk watermark [90%] exceeded on [qVUl3vEpSoeiabLgdIAmVg][qVUl3vE][/Users/ramyatata/Desktop/ramya/HR/rpt02-thesis/Portazon/server/search/elasticsearch/data/nodes/0] free: 23gb[9.9%], shards will be relocated away from this node
[2018-01-17T19:58:30,254][INFO ][o.e.c.r.a.DiskThresholdMonitor] [qVUl3vE] rerouting shards: [high disk watermark exceeded on one or more nodes]
[2018-01-17T19:59:00,259][WARN ][o.e.c.r.a.DiskThresholdMonitor] [qVUl3vE] high disk watermark [90%] exceeded on [qVUl3vEpSoeiabLgdIAmVg][qVUl3vE][/Users/ramyatata/Desktop/ramya/HR/rpt02-thesis/Portazon/server/search/elasticsearch/data/nodes/0] free: 23gb[9.9%], shards will be relocated away from this node
[2018-01-17T19:59:30,267][WARN ][o.e.c.r.a.DiskThresholdMonitor] [qVUl3vE] high disk watermark [90%] exceeded on [qVUl3vEpSoeiabLgdIAmVg][qVUl3vE][/Users/ramyatata/Desktop/ramya/HR/rpt02-thesis/Portazon/server/search/elasticsearch/data/nodes/0] free: 23gb[9.9%], shards will be relocated away from this node
[2018-01-17T19:59:30,268][INFO ][o.e.c.r.a.DiskThresholdMonitor] [qVUl3vE] rerouting shards: [high disk watermark exceeded on one or more nodes]
[2018-01-17T20:00:00,272][WARN ][o.e.c.r.a.DiskThresholdMonitor] [qVUl3vE] high disk watermark [90%] exceeded on [qVUl3vEpSoeiabLgdIAmVg][qVUl3vE][/Users/ramyatata/Desktop/ramya/HR/rpt02-thesis/Portazon/server/search/elasticsearch/data/nodes/0] free: 23gb[9.9%], shards will be relocated away from this node
[2018-01-17T20:00:30,279][WARN ][o.e.c.r.a.DiskThresholdMonitor] [qVUl3vE] high disk watermark [90%] exceeded on [qVUl3vEpSoeiabLgdIAmVg][qVUl3vE][/Users/ramyatata/Desktop/ramya/HR/rpt02-thesis/Portazon/server/search/elasticsearch/data/nodes/0] free: 23gb[9.9%], shards will be relocated away from this node
[2018-01-17T20:00:30,279][INFO ][o.e.c.r.a.DiskThresholdMonitor] [qVUl3vE] rerouting shards: [high disk watermark exceeded on one or more nodes]
[2018-01-17T20:01:00,282][WARN ][o.e.c.r.a.DiskThresholdMonitor] [qVUl3vE] high disk watermark [90%] exceeded on [qVUl3vEpSoeiabLgdIAmVg][qVUl3vE][/Users/ramyatata/Desktop/ramya/HR/rpt02-thesis/Portazon/server/search/elasticsearch/data/nodes/0] free: 23gb[9.9%], shards will be relocated away from this node
[2018-01-17T20:01:30,287][WARN ][o.e.c.r.a.DiskThresholdMonitor] [qVUl3vE] high disk watermark [90%] exceeded on [qVUl3vEpSoeiabLgdIAmVg][qVUl3vE][/Users/ramyatata/Desktop/ramya/HR/rpt02-thesis/Portazon/server/search/elasticsearch/data/nodes/0] free: 23gb[9.9%], shards will be relocated away from this node
[2018-01-17T20:01:30,287][INFO ][o.e.c.r.a.DiskThresholdMonitor] [qVUl3vE] rerouting shards: [high disk watermark exceeded on one or more nodes]
[2018-01-17T20:02:00,295][WARN ][o.e.c.r.a.DiskThresholdMonitor] [qVUl3vE] high disk watermark [90%] exceeded on [qVUl3vEpSoeiabLgdIAmVg][qVUl3vE][/Users/ramyatata/Desktop/ramya/HR/rpt02-thesis/Portazon/server/search/elasticsearch/data/nodes/0] free: 23gb[9.9%], shards will be relocated away from this node
[2018-01-17T20:02:21,804][INFO ][o.e.n.Node               ] [qVUl3vE] stopping ...
[2018-01-17T20:02:21,833][INFO ][o.e.n.Node               ] [qVUl3vE] stopped
[2018-01-17T20:02:21,833][INFO ][o.e.n.Node               ] [qVUl3vE] closing ...
[2018-01-17T20:02:21,839][INFO ][o.e.n.Node               ] [qVUl3vE] closed
[2018-01-17T20:05:18,744][INFO ][o.e.n.Node               ] [] initializing ...
[2018-01-17T20:05:18,816][INFO ][o.e.e.NodeEnvironment    ] [qVUl3vE] using [1] data paths, mounts [[/ (/dev/disk1)]], net usable_space [23.2gb], net total_space [232.6gb], types [hfs]
[2018-01-17T20:05:18,817][INFO ][o.e.e.NodeEnvironment    ] [qVUl3vE] heap size [989.8mb], compressed ordinary object pointers [true]
[2018-01-17T20:05:18,832][INFO ][o.e.n.Node               ] node name [qVUl3vE] derived from node ID [qVUl3vEpSoeiabLgdIAmVg]; set [node.name] to override
[2018-01-17T20:05:18,833][INFO ][o.e.n.Node               ] version[6.1.2], pid[4532], build[5b1fea5/2018-01-10T02:35:59.208Z], OS[Mac OS X/10.12.6/x86_64], JVM[Oracle Corporation/Java HotSpot(TM) 64-Bit Server VM/1.8.0_25/25.25-b02]
[2018-01-17T20:05:18,833][INFO ][o.e.n.Node               ] JVM arguments [-Xms1g, -Xmx1g, -XX:+UseConcMarkSweepGC, -XX:CMSInitiatingOccupancyFraction=75, -XX:+UseCMSInitiatingOccupancyOnly, -XX:+AlwaysPreTouch, -Xss1m, -Djava.awt.headless=true, -Dfile.encoding=UTF-8, -Djna.nosys=true, -XX:-OmitStackTraceInFastThrow, -Dio.netty.noUnsafe=true, -Dio.netty.noKeySetOptimization=true, -Dio.netty.recycler.maxCapacityPerThread=0, -Dlog4j.shutdownHookEnabled=false, -Dlog4j2.disable.jmx=true, -XX:+HeapDumpOnOutOfMemoryError, -Des.path.home=/Users/ramyatata/Desktop/ramya/HR/rpt02-thesis/Portazon/server/search/elasticsearch, -Des.path.conf=/Users/ramyatata/Desktop/ramya/HR/rpt02-thesis/Portazon/server/search/elasticsearch/config]
[2018-01-17T20:05:19,675][INFO ][o.e.p.PluginsService     ] [qVUl3vE] loaded module [aggs-matrix-stats]
[2018-01-17T20:05:19,675][INFO ][o.e.p.PluginsService     ] [qVUl3vE] loaded module [analysis-common]
[2018-01-17T20:05:19,675][INFO ][o.e.p.PluginsService     ] [qVUl3vE] loaded module [ingest-common]
[2018-01-17T20:05:19,675][INFO ][o.e.p.PluginsService     ] [qVUl3vE] loaded module [lang-expression]
[2018-01-17T20:05:19,675][INFO ][o.e.p.PluginsService     ] [qVUl3vE] loaded module [lang-mustache]
[2018-01-17T20:05:19,676][INFO ][o.e.p.PluginsService     ] [qVUl3vE] loaded module [lang-painless]
[2018-01-17T20:05:19,676][INFO ][o.e.p.PluginsService     ] [qVUl3vE] loaded module [mapper-extras]
[2018-01-17T20:05:19,676][INFO ][o.e.p.PluginsService     ] [qVUl3vE] loaded module [parent-join]
[2018-01-17T20:05:19,676][INFO ][o.e.p.PluginsService     ] [qVUl3vE] loaded module [percolator]
[2018-01-17T20:05:19,676][INFO ][o.e.p.PluginsService     ] [qVUl3vE] loaded module [reindex]
[2018-01-17T20:05:19,676][INFO ][o.e.p.PluginsService     ] [qVUl3vE] loaded module [repository-url]
[2018-01-17T20:05:19,676][INFO ][o.e.p.PluginsService     ] [qVUl3vE] loaded module [transport-netty4]
[2018-01-17T20:05:19,676][INFO ][o.e.p.PluginsService     ] [qVUl3vE] loaded module [tribe]
[2018-01-17T20:05:19,677][INFO ][o.e.p.PluginsService     ] [qVUl3vE] no plugins loaded
[2018-01-17T20:05:20,972][INFO ][o.e.d.DiscoveryModule    ] [qVUl3vE] using discovery type [zen]
[2018-01-17T20:05:21,451][INFO ][o.e.n.Node               ] initialized
[2018-01-17T20:05:21,451][INFO ][o.e.n.Node               ] [qVUl3vE] starting ...
[2018-01-17T20:05:21,574][INFO ][o.e.t.TransportService   ] [qVUl3vE] publish_address {127.0.0.1:9300}, bound_addresses {[::1]:9300}, {127.0.0.1:9300}
[2018-01-17T20:05:24,625][INFO ][o.e.c.s.MasterService    ] [qVUl3vE] zen-disco-elected-as-master ([0] nodes joined), reason: new_master {qVUl3vE}{qVUl3vEpSoeiabLgdIAmVg}{0H712fwzQgSuPQKxtKUzig}{127.0.0.1}{127.0.0.1:9300}
[2018-01-17T20:05:24,629][INFO ][o.e.c.s.ClusterApplierService] [qVUl3vE] new_master {qVUl3vE}{qVUl3vEpSoeiabLgdIAmVg}{0H712fwzQgSuPQKxtKUzig}{127.0.0.1}{127.0.0.1:9300}, reason: apply cluster state (from master [master {qVUl3vE}{qVUl3vEpSoeiabLgdIAmVg}{0H712fwzQgSuPQKxtKUzig}{127.0.0.1}{127.0.0.1:9300} committed version [1] source [zen-disco-elected-as-master ([0] nodes joined)]])
[2018-01-17T20:05:24,646][INFO ][o.e.h.n.Netty4HttpServerTransport] [qVUl3vE] publish_address {127.0.0.1:9200}, bound_addresses {[::1]:9200}, {127.0.0.1:9200}
[2018-01-17T20:05:24,646][INFO ][o.e.n.Node               ] [qVUl3vE] started
[2018-01-17T20:05:24,782][INFO ][o.e.g.GatewayService     ] [qVUl3vE] recovered [1] indices into cluster_state
[2018-01-17T20:05:24,968][INFO ][o.e.c.r.a.AllocationService] [qVUl3vE] Cluster health status changed from [RED] to [YELLOW] (reason: [shards started [[logstash-2018.01.18][2]] ...]).
[2018-01-17T20:05:54,659][WARN ][o.e.c.r.a.DiskThresholdMonitor] [qVUl3vE] high disk watermark [90%] exceeded on [qVUl3vEpSoeiabLgdIAmVg][qVUl3vE][/Users/ramyatata/Desktop/ramya/HR/rpt02-thesis/Portazon/server/search/elasticsearch/data/nodes/0] free: 23.2gb[9.9%], shards will be relocated away from this node
[2018-01-17T20:05:54,660][INFO ][o.e.c.r.a.DiskThresholdMonitor] [qVUl3vE] rerouting shards: [high disk watermark exceeded on one or more nodes]
[2018-01-17T20:06:24,667][WARN ][o.e.c.r.a.DiskThresholdMonitor] [qVUl3vE] high disk watermark [90%] exceeded on [qVUl3vEpSoeiabLgdIAmVg][qVUl3vE][/Users/ramyatata/Desktop/ramya/HR/rpt02-thesis/Portazon/server/search/elasticsearch/data/nodes/0] free: 23.2gb[9.9%], shards will be relocated away from this node
[2018-01-17T20:06:54,675][WARN ][o.e.c.r.a.DiskThresholdMonitor] [qVUl3vE] high disk watermark [90%] exceeded on [qVUl3vEpSoeiabLgdIAmVg][qVUl3vE][/Users/ramyatata/Desktop/ramya/HR/rpt02-thesis/Portazon/server/search/elasticsearch/data/nodes/0] free: 23.2gb[9.9%], shards will be relocated away from this node
[2018-01-17T20:06:54,676][INFO ][o.e.c.r.a.DiskThresholdMonitor] [qVUl3vE] rerouting shards: [high disk watermark exceeded on one or more nodes]
[2018-01-17T20:07:24,682][WARN ][o.e.c.r.a.DiskThresholdMonitor] [qVUl3vE] high disk watermark [90%] exceeded on [qVUl3vEpSoeiabLgdIAmVg][qVUl3vE][/Users/ramyatata/Desktop/ramya/HR/rpt02-thesis/Portazon/server/search/elasticsearch/data/nodes/0] free: 23.2gb[9.9%], shards will be relocated away from this node
[2018-01-17T20:07:54,692][WARN ][o.e.c.r.a.DiskThresholdMonitor] [qVUl3vE] high disk watermark [90%] exceeded on [qVUl3vEpSoeiabLgdIAmVg][qVUl3vE][/Users/ramyatata/Desktop/ramya/HR/rpt02-thesis/Portazon/server/search/elasticsearch/data/nodes/0] free: 23.2gb[9.9%], shards will be relocated away from this node
[2018-01-17T20:07:54,692][INFO ][o.e.c.r.a.DiskThresholdMonitor] [qVUl3vE] rerouting shards: [high disk watermark exceeded on one or more nodes]
[2018-01-17T20:08:24,698][WARN ][o.e.c.r.a.DiskThresholdMonitor] [qVUl3vE] high disk watermark [90%] exceeded on [qVUl3vEpSoeiabLgdIAmVg][qVUl3vE][/Users/ramyatata/Desktop/ramya/HR/rpt02-thesis/Portazon/server/search/elasticsearch/data/nodes/0] free: 23.2gb[9.9%], shards will be relocated away from this node
[2018-01-17T20:08:54,704][WARN ][o.e.c.r.a.DiskThresholdMonitor] [qVUl3vE] high disk watermark [90%] exceeded on [qVUl3vEpSoeiabLgdIAmVg][qVUl3vE][/Users/ramyatata/Desktop/ramya/HR/rpt02-thesis/Portazon/server/search/elasticsearch/data/nodes/0] free: 23.2gb[9.9%], shards will be relocated away from this node
[2018-01-17T20:08:54,705][INFO ][o.e.c.r.a.DiskThresholdMonitor] [qVUl3vE] rerouting shards: [high disk watermark exceeded on one or more nodes]
[2018-01-17T20:08:55,197][INFO ][o.e.c.m.MetaDataCreateIndexService] [qVUl3vE] [products] creating index, cause [auto(bulk api)], templates [], shards [5]/[1], mappings []
[2018-01-17T20:08:55,514][INFO ][o.e.c.m.MetaDataMappingService] [qVUl3vE] [products/QmNDvxTqTBmGGc0xr3AMPQ] create_mapping [inventory]
[2018-01-17T20:08:55,528][INFO ][o.e.c.m.MetaDataMappingService] [qVUl3vE] [products/QmNDvxTqTBmGGc0xr3AMPQ] update_mapping [inventory]
[2018-01-17T20:08:55,810][INFO ][o.e.c.m.MetaDataMappingService] [qVUl3vE] [products/QmNDvxTqTBmGGc0xr3AMPQ] update_mapping [inventory]
[2018-01-17T20:09:24,756][WARN ][o.e.c.r.a.DiskThresholdMonitor] [qVUl3vE] high disk watermark [90%] exceeded on [qVUl3vEpSoeiabLgdIAmVg][qVUl3vE][/Users/ramyatata/Desktop/ramya/HR/rpt02-thesis/Portazon/server/search/elasticsearch/data/nodes/0] free: 23.1gb[9.9%], shards will be relocated away from this node
[2018-01-17T20:09:54,778][WARN ][o.e.c.r.a.DiskThresholdMonitor] [qVUl3vE] high disk watermark [90%] exceeded on [qVUl3vEpSoeiabLgdIAmVg][qVUl3vE][/Users/ramyatata/Desktop/ramya/HR/rpt02-thesis/Portazon/server/search/elasticsearch/data/nodes/0] free: 23.1gb[9.9%], shards will be relocated away from this node
[2018-01-17T20:09:54,779][INFO ][o.e.c.r.a.DiskThresholdMonitor] [qVUl3vE] rerouting shards: [high disk watermark exceeded on one or more nodes]
[2018-01-17T20:10:24,802][WARN ][o.e.c.r.a.DiskThresholdMonitor] [qVUl3vE] high disk watermark [90%] exceeded on [qVUl3vEpSoeiabLgdIAmVg][qVUl3vE][/Users/ramyatata/Desktop/ramya/HR/rpt02-thesis/Portazon/server/search/elasticsearch/data/nodes/0] free: 23.1gb[9.9%], shards will be relocated away from this node
[2018-01-17T20:10:54,820][WARN ][o.e.c.r.a.DiskThresholdMonitor] [qVUl3vE] high disk watermark [90%] exceeded on [qVUl3vEpSoeiabLgdIAmVg][qVUl3vE][/Users/ramyatata/Desktop/ramya/HR/rpt02-thesis/Portazon/server/search/elasticsearch/data/nodes/0] free: 23.1gb[9.9%], shards will be relocated away from this node
[2018-01-17T20:10:54,821][INFO ][o.e.c.r.a.DiskThresholdMonitor] [qVUl3vE] rerouting shards: [high disk watermark exceeded on one or more nodes]
[2018-01-17T20:11:24,844][WARN ][o.e.c.r.a.DiskThresholdMonitor] [qVUl3vE] high disk watermark [90%] exceeded on [qVUl3vEpSoeiabLgdIAmVg][qVUl3vE][/Users/ramyatata/Desktop/ramya/HR/rpt02-thesis/Portazon/server/search/elasticsearch/data/nodes/0] free: 23.1gb[9.9%], shards will be relocated away from this node
[2018-01-17T20:11:54,864][WARN ][o.e.c.r.a.DiskThresholdMonitor] [qVUl3vE] high disk watermark [90%] exceeded on [qVUl3vEpSoeiabLgdIAmVg][qVUl3vE][/Users/ramyatata/Desktop/ramya/HR/rpt02-thesis/Portazon/server/search/elasticsearch/data/nodes/0] free: 23.1gb[9.9%], shards will be relocated away from this node
[2018-01-17T20:11:54,865][INFO ][o.e.c.r.a.DiskThresholdMonitor] [qVUl3vE] rerouting shards: [high disk watermark exceeded on one or more nodes]
[2018-01-17T20:12:24,882][WARN ][o.e.c.r.a.DiskThresholdMonitor] [qVUl3vE] high disk watermark [90%] exceeded on [qVUl3vEpSoeiabLgdIAmVg][qVUl3vE][/Users/ramyatata/Desktop/ramya/HR/rpt02-thesis/Portazon/server/search/elasticsearch/data/nodes/0] free: 23.1gb[9.9%], shards will be relocated away from this node
[2018-01-17T20:12:54,906][WARN ][o.e.c.r.a.DiskThresholdMonitor] [qVUl3vE] high disk watermark [90%] exceeded on [qVUl3vEpSoeiabLgdIAmVg][qVUl3vE][/Users/ramyatata/Desktop/ramya/HR/rpt02-thesis/Portazon/server/search/elasticsearch/data/nodes/0] free: 23.1gb[9.9%], shards will be relocated away from this node
[2018-01-17T20:12:54,907][INFO ][o.e.c.r.a.DiskThresholdMonitor] [qVUl3vE] rerouting shards: [high disk watermark exceeded on one or more nodes]
[2018-01-17T20:13:24,936][WARN ][o.e.c.r.a.DiskThresholdMonitor] [qVUl3vE] high disk watermark [90%] exceeded on [qVUl3vEpSoeiabLgdIAmVg][qVUl3vE][/Users/ramyatata/Desktop/ramya/HR/rpt02-thesis/Portazon/server/search/elasticsearch/data/nodes/0] free: 23.1gb[9.9%], shards will be relocated away from this node
[2018-01-17T20:13:54,957][WARN ][o.e.c.r.a.DiskThresholdMonitor] [qVUl3vE] high disk watermark [90%] exceeded on [qVUl3vEpSoeiabLgdIAmVg][qVUl3vE][/Users/ramyatata/Desktop/ramya/HR/rpt02-thesis/Portazon/server/search/elasticsearch/data/nodes/0] free: 23.1gb[9.9%], shards will be relocated away from this node
[2018-01-17T20:13:54,957][INFO ][o.e.c.r.a.DiskThresholdMonitor] [qVUl3vE] rerouting shards: [high disk watermark exceeded on one or more nodes]
[2018-01-17T20:14:24,977][WARN ][o.e.c.r.a.DiskThresholdMonitor] [qVUl3vE] high disk watermark [90%] exceeded on [qVUl3vEpSoeiabLgdIAmVg][qVUl3vE][/Users/ramyatata/Desktop/ramya/HR/rpt02-thesis/Portazon/server/search/elasticsearch/data/nodes/0] free: 23.1gb[9.9%], shards will be relocated away from this node
[2018-01-17T20:14:54,991][WARN ][o.e.c.r.a.DiskThresholdMonitor] [qVUl3vE] high disk watermark [90%] exceeded on [qVUl3vEpSoeiabLgdIAmVg][qVUl3vE][/Users/ramyatata/Desktop/ramya/HR/rpt02-thesis/Portazon/server/search/elasticsearch/data/nodes/0] free: 23.1gb[9.9%], shards will be relocated away from this node
[2018-01-17T20:14:54,991][INFO ][o.e.c.r.a.DiskThresholdMonitor] [qVUl3vE] rerouting shards: [high disk watermark exceeded on one or more nodes]
[2018-01-17T20:15:25,013][WARN ][o.e.c.r.a.DiskThresholdMonitor] [qVUl3vE] high disk watermark [90%] exceeded on [qVUl3vEpSoeiabLgdIAmVg][qVUl3vE][/Users/ramyatata/Desktop/ramya/HR/rpt02-thesis/Portazon/server/search/elasticsearch/data/nodes/0] free: 23.1gb[9.9%], shards will be relocated away from this node
[2018-01-17T20:15:55,033][WARN ][o.e.c.r.a.DiskThresholdMonitor] [qVUl3vE] high disk watermark [90%] exceeded on [qVUl3vEpSoeiabLgdIAmVg][qVUl3vE][/Users/ramyatata/Desktop/ramya/HR/rpt02-thesis/Portazon/server/search/elasticsearch/data/nodes/0] free: 23.1gb[9.9%], shards will be relocated away from this node
[2018-01-17T20:15:55,033][INFO ][o.e.c.r.a.DiskThresholdMonitor] [qVUl3vE] rerouting shards: [high disk watermark exceeded on one or more nodes]
[2018-01-17T20:16:25,052][WARN ][o.e.c.r.a.DiskThresholdMonitor] [qVUl3vE] high disk watermark [90%] exceeded on [qVUl3vEpSoeiabLgdIAmVg][qVUl3vE][/Users/ramyatata/Desktop/ramya/HR/rpt02-thesis/Portazon/server/search/elasticsearch/data/nodes/0] free: 23.1gb[9.9%], shards will be relocated away from this node
[2018-01-17T20:16:55,073][WARN ][o.e.c.r.a.DiskThresholdMonitor] [qVUl3vE] high disk watermark [90%] exceeded on [qVUl3vEpSoeiabLgdIAmVg][qVUl3vE][/Users/ramyatata/Desktop/ramya/HR/rpt02-thesis/Portazon/server/search/elasticsearch/data/nodes/0] free: 23.1gb[9.9%], shards will be relocated away from this node
[2018-01-17T20:16:55,073][INFO ][o.e.c.r.a.DiskThresholdMonitor] [qVUl3vE] rerouting shards: [high disk watermark exceeded on one or more nodes]
[2018-01-17T20:17:25,092][WARN ][o.e.c.r.a.DiskThresholdMonitor] [qVUl3vE] high disk watermark [90%] exceeded on [qVUl3vEpSoeiabLgdIAmVg][qVUl3vE][/Users/ramyatata/Desktop/ramya/HR/rpt02-thesis/Portazon/server/search/elasticsearch/data/nodes/0] free: 23.1gb[9.9%], shards will be relocated away from this node
[2018-01-17T20:17:55,113][WARN ][o.e.c.r.a.DiskThresholdMonitor] [qVUl3vE] high disk watermark [90%] exceeded on [qVUl3vEpSoeiabLgdIAmVg][qVUl3vE][/Users/ramyatata/Desktop/ramya/HR/rpt02-thesis/Portazon/server/search/elasticsearch/data/nodes/0] free: 23.1gb[9.9%], shards will be relocated away from this node
[2018-01-17T20:17:55,113][INFO ][o.e.c.r.a.DiskThresholdMonitor] [qVUl3vE] rerouting shards: [high disk watermark exceeded on one or more nodes]
[2018-01-17T20:18:25,143][WARN ][o.e.c.r.a.DiskThresholdMonitor] [qVUl3vE] high disk watermark [90%] exceeded on [qVUl3vEpSoeiabLgdIAmVg][qVUl3vE][/Users/ramyatata/Desktop/ramya/HR/rpt02-thesis/Portazon/server/search/elasticsearch/data/nodes/0] free: 23.1gb[9.9%], shards will be relocated away from this node
[2018-01-17T20:18:55,160][WARN ][o.e.c.r.a.DiskThresholdMonitor] [qVUl3vE] high disk watermark [90%] exceeded on [qVUl3vEpSoeiabLgdIAmVg][qVUl3vE][/Users/ramyatata/Desktop/ramya/HR/rpt02-thesis/Portazon/server/search/elasticsearch/data/nodes/0] free: 23.1gb[9.9%], shards will be relocated away from this node
[2018-01-17T20:18:55,160][INFO ][o.e.c.r.a.DiskThresholdMonitor] [qVUl3vE] rerouting shards: [high disk watermark exceeded on one or more nodes]
[2018-01-17T20:19:25,177][WARN ][o.e.c.r.a.DiskThresholdMonitor] [qVUl3vE] high disk watermark [90%] exceeded on [qVUl3vEpSoeiabLgdIAmVg][qVUl3vE][/Users/ramyatata/Desktop/ramya/HR/rpt02-thesis/Portazon/server/search/elasticsearch/data/nodes/0] free: 23.1gb[9.9%], shards will be relocated away from this node
[2018-01-17T20:19:55,199][WARN ][o.e.c.r.a.DiskThresholdMonitor] [qVUl3vE] high disk watermark [90%] exceeded on [qVUl3vEpSoeiabLgdIAmVg][qVUl3vE][/Users/ramyatata/Desktop/ramya/HR/rpt02-thesis/Portazon/server/search/elasticsearch/data/nodes/0] free: 23.1gb[9.9%], shards will be relocated away from this node
[2018-01-17T20:19:55,199][INFO ][o.e.c.r.a.DiskThresholdMonitor] [qVUl3vE] rerouting shards: [high disk watermark exceeded on one or more nodes]
[2018-01-17T20:20:25,220][WARN ][o.e.c.r.a.DiskThresholdMonitor] [qVUl3vE] high disk watermark [90%] exceeded on [qVUl3vEpSoeiabLgdIAmVg][qVUl3vE][/Users/ramyatata/Desktop/ramya/HR/rpt02-thesis/Portazon/server/search/elasticsearch/data/nodes/0] free: 23.1gb[9.9%], shards will be relocated away from this node
[2018-01-17T20:20:55,240][WARN ][o.e.c.r.a.DiskThresholdMonitor] [qVUl3vE] high disk watermark [90%] exceeded on [qVUl3vEpSoeiabLgdIAmVg][qVUl3vE][/Users/ramyatata/Desktop/ramya/HR/rpt02-thesis/Portazon/server/search/elasticsearch/data/nodes/0] free: 23.1gb[9.9%], shards will be relocated away from this node
[2018-01-17T20:20:55,240][INFO ][o.e.c.r.a.DiskThresholdMonitor] [qVUl3vE] rerouting shards: [high disk watermark exceeded on one or more nodes]
[2018-01-17T20:21:25,257][WARN ][o.e.c.r.a.DiskThresholdMonitor] [qVUl3vE] high disk watermark [90%] exceeded on [qVUl3vEpSoeiabLgdIAmVg][qVUl3vE][/Users/ramyatata/Desktop/ramya/HR/rpt02-thesis/Portazon/server/search/elasticsearch/data/nodes/0] free: 23.1gb[9.9%], shards will be relocated away from this node
[2018-01-17T20:21:55,277][WARN ][o.e.c.r.a.DiskThresholdMonitor] [qVUl3vE] high disk watermark [90%] exceeded on [qVUl3vEpSoeiabLgdIAmVg][qVUl3vE][/Users/ramyatata/Desktop/ramya/HR/rpt02-thesis/Portazon/server/search/elasticsearch/data/nodes/0] free: 23.1gb[9.9%], shards will be relocated away from this node
[2018-01-17T20:21:55,277][INFO ][o.e.c.r.a.DiskThresholdMonitor] [qVUl3vE] rerouting shards: [high disk watermark exceeded on one or more nodes]
[2018-01-17T20:22:25,300][WARN ][o.e.c.r.a.DiskThresholdMonitor] [qVUl3vE] high disk watermark [90%] exceeded on [qVUl3vEpSoeiabLgdIAmVg][qVUl3vE][/Users/ramyatata/Desktop/ramya/HR/rpt02-thesis/Portazon/server/search/elasticsearch/data/nodes/0] free: 23.1gb[9.9%], shards will be relocated away from this node
[2018-01-17T20:22:55,316][WARN ][o.e.c.r.a.DiskThresholdMonitor] [qVUl3vE] high disk watermark [90%] exceeded on [qVUl3vEpSoeiabLgdIAmVg][qVUl3vE][/Users/ramyatata/Desktop/ramya/HR/rpt02-thesis/Portazon/server/search/elasticsearch/data/nodes/0] free: 23.1gb[9.9%], shards will be relocated away from this node
[2018-01-17T20:22:55,317][INFO ][o.e.c.r.a.DiskThresholdMonitor] [qVUl3vE] rerouting shards: [high disk watermark exceeded on one or more nodes]
[2018-01-17T20:23:25,335][WARN ][o.e.c.r.a.DiskThresholdMonitor] [qVUl3vE] high disk watermark [90%] exceeded on [qVUl3vEpSoeiabLgdIAmVg][qVUl3vE][/Users/ramyatata/Desktop/ramya/HR/rpt02-thesis/Portazon/server/search/elasticsearch/data/nodes/0] free: 23.1gb[9.9%], shards will be relocated away from this node
[2018-01-17T20:23:55,352][WARN ][o.e.c.r.a.DiskThresholdMonitor] [qVUl3vE] high disk watermark [90%] exceeded on [qVUl3vEpSoeiabLgdIAmVg][qVUl3vE][/Users/ramyatata/Desktop/ramya/HR/rpt02-thesis/Portazon/server/search/elasticsearch/data/nodes/0] free: 23.1gb[9.9%], shards will be relocated away from this node
[2018-01-17T20:23:55,353][INFO ][o.e.c.r.a.DiskThresholdMonitor] [qVUl3vE] rerouting shards: [high disk watermark exceeded on one or more nodes]
[2018-01-17T20:24:25,374][WARN ][o.e.c.r.a.DiskThresholdMonitor] [qVUl3vE] high disk watermark [90%] exceeded on [qVUl3vEpSoeiabLgdIAmVg][qVUl3vE][/Users/ramyatata/Desktop/ramya/HR/rpt02-thesis/Portazon/server/search/elasticsearch/data/nodes/0] free: 23.1gb[9.9%], shards will be relocated away from this node
[2018-01-17T20:24:55,392][WARN ][o.e.c.r.a.DiskThresholdMonitor] [qVUl3vE] high disk watermark [90%] exceeded on [qVUl3vEpSoeiabLgdIAmVg][qVUl3vE][/Users/ramyatata/Desktop/ramya/HR/rpt02-thesis/Portazon/server/search/elasticsearch/data/nodes/0] free: 23.1gb[9.9%], shards will be relocated away from this node
[2018-01-17T20:24:55,392][INFO ][o.e.c.r.a.DiskThresholdMonitor] [qVUl3vE] rerouting shards: [high disk watermark exceeded on one or more nodes]
[2018-01-17T20:25:25,408][WARN ][o.e.c.r.a.DiskThresholdMonitor] [qVUl3vE] high disk watermark [90%] exceeded on [qVUl3vEpSoeiabLgdIAmVg][qVUl3vE][/Users/ramyatata/Desktop/ramya/HR/rpt02-thesis/Portazon/server/search/elasticsearch/data/nodes/0] free: 23.1gb[9.9%], shards will be relocated away from this node
[2018-01-17T20:25:55,428][WARN ][o.e.c.r.a.DiskThresholdMonitor] [qVUl3vE] high disk watermark [90%] exceeded on [qVUl3vEpSoeiabLgdIAmVg][qVUl3vE][/Users/ramyatata/Desktop/ramya/HR/rpt02-thesis/Portazon/server/search/elasticsearch/data/nodes/0] free: 23.1gb[9.9%], shards will be relocated away from this node
[2018-01-17T20:25:55,428][INFO ][o.e.c.r.a.DiskThresholdMonitor] [qVUl3vE] rerouting shards: [high disk watermark exceeded on one or more nodes]
[2018-01-17T20:26:25,444][WARN ][o.e.c.r.a.DiskThresholdMonitor] [qVUl3vE] high disk watermark [90%] exceeded on [qVUl3vEpSoeiabLgdIAmVg][qVUl3vE][/Users/ramyatata/Desktop/ramya/HR/rpt02-thesis/Portazon/server/search/elasticsearch/data/nodes/0] free: 23.1gb[9.9%], shards will be relocated away from this node
[2018-01-17T20:26:55,463][WARN ][o.e.c.r.a.DiskThresholdMonitor] [qVUl3vE] high disk watermark [90%] exceeded on [qVUl3vEpSoeiabLgdIAmVg][qVUl3vE][/Users/ramyatata/Desktop/ramya/HR/rpt02-thesis/Portazon/server/search/elasticsearch/data/nodes/0] free: 23.1gb[9.9%], shards will be relocated away from this node
[2018-01-17T20:26:55,464][INFO ][o.e.c.r.a.DiskThresholdMonitor] [qVUl3vE] rerouting shards: [high disk watermark exceeded on one or more nodes]
[2018-01-17T20:27:25,483][WARN ][o.e.c.r.a.DiskThresholdMonitor] [qVUl3vE] high disk watermark [90%] exceeded on [qVUl3vEpSoeiabLgdIAmVg][qVUl3vE][/Users/ramyatata/Desktop/ramya/HR/rpt02-thesis/Portazon/server/search/elasticsearch/data/nodes/0] free: 23.1gb[9.9%], shards will be relocated away from this node
[2018-01-17T20:27:55,501][WARN ][o.e.c.r.a.DiskThresholdMonitor] [qVUl3vE] high disk watermark [90%] exceeded on [qVUl3vEpSoeiabLgdIAmVg][qVUl3vE][/Users/ramyatata/Desktop/ramya/HR/rpt02-thesis/Portazon/server/search/elasticsearch/data/nodes/0] free: 23.1gb[9.9%], shards will be relocated away from this node
[2018-01-17T20:27:55,502][INFO ][o.e.c.r.a.DiskThresholdMonitor] [qVUl3vE] rerouting shards: [high disk watermark exceeded on one or more nodes]
[2018-01-17T20:28:25,520][WARN ][o.e.c.r.a.DiskThresholdMonitor] [qVUl3vE] high disk watermark [90%] exceeded on [qVUl3vEpSoeiabLgdIAmVg][qVUl3vE][/Users/ramyatata/Desktop/ramya/HR/rpt02-thesis/Portazon/server/search/elasticsearch/data/nodes/0] free: 23.1gb[9.9%], shards will be relocated away from this node
